2015-12-18 11:05:01 [2@ETGTIC08]
An email to servicios@epam.gob.ec was added to queue: [GLPI #0000024] Nueva tarea jjhjhjh
2015-12-18 11:05:01 [2@ETGTIC08]
An email to servicios@epam.gob.ec was added to queue: [GLPI #0000024] Nuevo incidente jjhjhjh
2015-12-18 11:05:03 [2@ETGTIC08]
Correo de seguimiento enviado a servicios@epam.gob.ec: [GLPI #0000024] Nuevo incidente jjhjhjh
2015-12-18 11:08:02 [2@ETGTIC08]
An email to servicios@epam.gob.ec was added to queue: [GLPI #0000024] Actualización de un incidente jjhjhjh
2015-12-18 11:08:04 [2@ETGTIC08]
Correo de seguimiento enviado a servicios@epam.gob.ec: [GLPI #0000024] Actualización de un incidente jjhjhjh
2015-12-18 11:08:20 [2@ETGTIC08]
An email to servicios@epam.gob.ec was added to queue: [GLPI #0000024] Eliminación de un incidente jjhjhjh
2015-12-18 11:08:22 [2@ETGTIC08]
Correo de seguimiento enviado a servicios@epam.gob.ec: [GLPI #0000024] Eliminación de un incidente jjhjhjh
2015-12-18 11:13:27 [2@ETGTIC08]
An email to servicios@epam.gob.ec was added to queue: [GLPI #0000025] Nuevo incidente prueba correo
2015-12-18 11:13:27 [2@ETGTIC08]
An email to info@epam.gob.ec was added to queue: [GLPI #0000025] Nuevo incidente prueba correo
2015-12-18 11:13:29 [2@ETGTIC08]
Correo de seguimiento enviado a servicios@epam.gob.ec: [GLPI #0000025] Nuevo incidente prueba correo
2015-12-18 11:13:30 [2@ETGTIC08]
Correo de seguimiento enviado a info@epam.gob.ec: [GLPI #0000025] Nuevo incidente prueba correo
2015-12-18 11:19:22 [2@ETGTIC08]
An email to servicios@epam.gob.ec was added to queue: [GLPI #0000026] Nuevo incidente Correo
2015-12-18 11:19:22 [2@ETGTIC08]
An email to info@epam.gob.ec was added to queue: [GLPI #0000026] Nuevo incidente Correo
2015-12-18 11:19:24 [2@ETGTIC08]
Correo de seguimiento enviado a servicios@epam.gob.ec: [GLPI #0000026] Nuevo incidente Correo
2015-12-18 11:19:25 [2@ETGTIC08]
Correo de seguimiento enviado a info@epam.gob.ec: [GLPI #0000026] Nuevo incidente Correo
2015-12-18 11:22:25 [2@ETGTIC08]
An email to servicios@epam.gob.ec was added to queue: [GLPI #0000027] Nuevo incidente Correo2
2015-12-18 11:22:26 [2@ETGTIC08]
Correo de seguimiento enviado a servicios@epam.gob.ec: [GLPI #0000027] Nuevo incidente Correo2
2015-12-18 11:37:14 [2@ETGTIC08]
An email to servicios@epam.gob.ec was added to queue: [GLPI #0000028] Nuevo incidente urgente
2015-12-18 11:37:14 [2@ETGTIC08]
An email to info@epam.gob.ec was added to queue: [GLPI #0000028] Nuevo incidente urgente
2015-12-18 11:37:17 [2@ETGTIC08]
Correo de seguimiento enviado a servicios@epam.gob.ec: [GLPI #0000028] Nuevo incidente urgente
2015-12-18 11:37:18 [2@ETGTIC08]
Correo de seguimiento enviado a info@epam.gob.ec: [GLPI #0000028] Nuevo incidente urgente
2015-12-22 09:41:17 [2@ETGTIC08]
An email to servicios@epam.gob.ec was added to queue: [GLPI #0000029] Nuevo incidente no tengo internet 
2015-12-22 09:41:17 [2@ETGTIC08]
An email to info@epam.gob.ec was added to queue: [GLPI #0000029] Nuevo incidente no tengo internet 
2015-12-22 09:41:19 [2@ETGTIC08]
Correo de seguimiento enviado a servicios@epam.gob.ec: [GLPI #0000029] Nuevo incidente no tengo internet 
2015-12-22 09:41:21 [2@ETGTIC08]
Correo de seguimiento enviado a info@epam.gob.ec: [GLPI #0000029] Nuevo incidente no tengo internet 
2016-01-04 10:08:03 [7@ETGTIC08]
An email to servicios@epam.gob.ec was added to queue: [GLPI #0000029] Cierre de un incidente no tengo internet 
2016-01-04 10:08:03 [7@ETGTIC08]
An email to info@epam.gob.ec was added to queue: [GLPI #0000029] Cierre de un incidente no tengo internet 
2016-01-04 10:08:03 [7@ETGTIC08]
An email to sergiointriago@epam.gob.ec was added to queue: [GLPI #0000029] Cierre de un incidente no tengo internet 
2016-01-04 10:08:06 [7@ETGTIC08]
Correo de seguimiento enviado a servicios@epam.gob.ec: [GLPI #0000029] Cierre de un incidente no tengo internet 
2016-01-04 10:08:08 [7@ETGTIC08]
Correo de seguimiento enviado a info@epam.gob.ec: [GLPI #0000029] Cierre de un incidente no tengo internet 
2016-01-04 10:08:09 [7@ETGTIC08]
Correo de seguimiento enviado a sergiointriago@epam.gob.ec: [GLPI #0000029] Cierre de un incidente no tengo internet 
2016-01-04 10:14:04 [3@ETGTIC08]
An email to servicios@epam.gob.ec was added to queue: [GLPI #0000030] Nuevo incidente pruebe
2016-01-04 10:14:04 [3@ETGTIC08]
An email to sergiointriago@epam.gob.ec was added to queue: [GLPI #0000030] Nuevo incidente pruebe
2016-01-04 10:14:06 [3@ETGTIC08]
Correo de seguimiento enviado a servicios@epam.gob.ec: [GLPI #0000030] Nuevo incidente pruebe
2016-01-04 10:14:08 [3@ETGTIC08]
Correo de seguimiento enviado a sergiointriago@epam.gob.ec: [GLPI #0000030] Nuevo incidente pruebe
2016-01-04 10:14:43 [7@ETGTIC08]
An email to servicios@epam.gob.ec was added to queue: [GLPI #0000030] Incidente resuelto pruebe
2016-01-04 10:14:43 [7@ETGTIC08]
An email to sergiointriago@epam.gob.ec was added to queue: [GLPI #0000030] Incidente resuelto pruebe
2016-01-04 10:14:45 [7@ETGTIC08]
Correo de seguimiento enviado a servicios@epam.gob.ec: [GLPI #0000030] Incidente resuelto pruebe
2016-01-04 10:14:46 [7@ETGTIC08]
Correo de seguimiento enviado a sergiointriago@epam.gob.ec: [GLPI #0000030] Incidente resuelto pruebe
2016-01-04 10:30:19 [7@ETGTIC08]
An email to servicios@epam.gob.ec was added to queue: [GLPI #0000020] Incidente resuelto UNION DE PC AL DOMINIO EPAM.COM
2016-01-04 10:30:19 [7@ETGTIC08]
An email to sergiointriago@epam.gob.ec was added to queue: [GLPI #0000020] Incidente resuelto UNION DE PC AL DOMINIO EPAM.COM
2016-01-04 10:30:21 [7@ETGTIC08]
Correo de seguimiento enviado a servicios@epam.gob.ec: [GLPI #0000020] Incidente resuelto UNION DE PC AL DOMINIO EPAM.COM
2016-01-04 10:30:23 [7@ETGTIC08]
Correo de seguimiento enviado a sergiointriago@epam.gob.ec: [GLPI #0000020] Incidente resuelto UNION DE PC AL DOMINIO EPAM.COM
2016-01-04 10:30:42 [7@ETGTIC08]
An email to servicios@epam.gob.ec was added to queue: [GLPI #0000018] Incidente resuelto zona horaria
2016-01-04 10:30:42 [7@ETGTIC08]
An email to sergiointriago@epam.gob.ec was added to queue: [GLPI #0000018] Incidente resuelto zona horaria
2016-01-04 10:30:43 [7@ETGTIC08]
Correo de seguimiento enviado a servicios@epam.gob.ec: [GLPI #0000018] Incidente resuelto zona horaria
2016-01-04 10:30:45 [7@ETGTIC08]
Correo de seguimiento enviado a sergiointriago@epam.gob.ec: [GLPI #0000018] Incidente resuelto zona horaria
2016-01-04 10:42:28 [6@ETGTIC08]
An email to servicios@epam.gob.ec was added to queue: [GLPI #0000028] Incidente resuelto urgente
2016-01-04 10:42:28 [6@ETGTIC08]
An email to info@epam.gob.ec was added to queue: [GLPI #0000028] Incidente resuelto urgente
2016-01-04 10:42:28 [6@ETGTIC08]
An email to sergiointriago@epam.gob.ec was added to queue: [GLPI #0000028] Incidente resuelto urgente
2016-01-04 10:42:30 [6@ETGTIC08]
Correo de seguimiento enviado a servicios@epam.gob.ec: [GLPI #0000028] Incidente resuelto urgente
2016-01-04 10:42:32 [6@ETGTIC08]
Correo de seguimiento enviado a info@epam.gob.ec: [GLPI #0000028] Incidente resuelto urgente
2016-01-04 10:42:34 [6@ETGTIC08]
Correo de seguimiento enviado a sergiointriago@epam.gob.ec: [GLPI #0000028] Incidente resuelto urgente
2016-01-04 10:45:45 [3@ETGTIC08]
An email to servicios@epam.gob.ec was added to queue: [GLPI #0000031] Nuevo incidente prueba de pedidio
2016-01-04 10:45:45 [3@ETGTIC08]
An email to sergiointriago@epam.gob.ec was added to queue: [GLPI #0000031] Nuevo incidente prueba de pedidio
2016-01-04 10:45:47 [3@ETGTIC08]
Correo de seguimiento enviado a servicios@epam.gob.ec: [GLPI #0000031] Nuevo incidente prueba de pedidio
2016-01-04 10:45:49 [3@ETGTIC08]
Correo de seguimiento enviado a sergiointriago@epam.gob.ec: [GLPI #0000031] Nuevo incidente prueba de pedidio
2016-01-04 10:46:43 [7@ETGTIC08]
An email to servicios@epam.gob.ec was added to queue: [GLPI #0000031] Incidente resuelto prueba de pedidio
2016-01-04 10:46:43 [7@ETGTIC08]
An email to sergiointriago@epam.gob.ec was added to queue: [GLPI #0000031] Incidente resuelto prueba de pedidio
2016-01-04 10:46:45 [7@ETGTIC08]
Correo de seguimiento enviado a servicios@epam.gob.ec: [GLPI #0000031] Incidente resuelto prueba de pedidio
2016-01-04 10:46:47 [7@ETGTIC08]
Correo de seguimiento enviado a sergiointriago@epam.gob.ec: [GLPI #0000031] Incidente resuelto prueba de pedidio
2016-01-04 11:09:44 [3@ETGTIC08]
An email to servicios@epam.gob.ec was added to queue: [GLPI #0000032] Nuevo incidente urgente
2016-01-04 11:09:44 [3@ETGTIC08]
An email to sergiointriago@epam.gob.ec was added to queue: [GLPI #0000032] Nuevo incidente urgente
2016-01-04 11:09:47 [3@ETGTIC08]
Correo de seguimiento enviado a servicios@epam.gob.ec: [GLPI #0000032] Nuevo incidente urgente
2016-01-04 11:09:49 [3@ETGTIC08]
Correo de seguimiento enviado a sergiointriago@epam.gob.ec: [GLPI #0000032] Nuevo incidente urgente
2016-01-04 11:11:21 [7@ETGTIC08]
An email to servicios@epam.gob.ec was added to queue: [GLPI #0000032] Incidente resuelto urgente
2016-01-04 11:11:21 [7@ETGTIC08]
An email to sergiointriago@epam.gob.ec was added to queue: [GLPI #0000032] Incidente resuelto urgente
2016-01-04 11:11:24 [7@ETGTIC08]
Correo de seguimiento enviado a servicios@epam.gob.ec: [GLPI #0000032] Incidente resuelto urgente
2016-01-04 11:11:26 [7@ETGTIC08]
Correo de seguimiento enviado a sergiointriago@epam.gob.ec: [GLPI #0000032] Incidente resuelto urgente
2016-01-04 15:42:55 [62@ETGTIC08]
An email to servicios@epam.gob.ec was added to queue: [GLPI #0000033] Nuevo incidente problemas de word
2016-01-04 15:42:55 [62@ETGTIC08]
An email to monserratemacias@epam.gob.ec was added to queue: [GLPI #0000033] Nuevo incidente problemas de word
2016-01-04 15:42:55 [62@ETGTIC08]
An email to sergiointriago@epam.gob.ec was added to queue: [GLPI #0000033] Nuevo incidente problemas de word
2016-01-04 15:42:58 [62@ETGTIC08]
Correo de seguimiento enviado a servicios@epam.gob.ec: [GLPI #0000033] Nuevo incidente problemas de word
2016-01-04 15:43:00 [62@ETGTIC08]
Correo de seguimiento enviado a monserratemacias@epam.gob.ec: [GLPI #0000033] Nuevo incidente problemas de word
2016-01-04 15:43:01 [62@ETGTIC08]
Correo de seguimiento enviado a sergiointriago@epam.gob.ec: [GLPI #0000033] Nuevo incidente problemas de word
2016-01-04 16:39:31 [7@ETGTIC08]
An email to servicios@epam.gob.ec was added to queue: [GLPI #0000026] Incidente resuelto Correo
2016-01-04 16:39:31 [7@ETGTIC08]
An email to info@epam.gob.ec was added to queue: [GLPI #0000026] Incidente resuelto Correo
2016-01-04 16:39:31 [7@ETGTIC08]
An email to sergiointriago@epam.gob.ec was added to queue: [GLPI #0000026] Incidente resuelto Correo
2016-01-04 16:39:34 [7@ETGTIC08]
Correo de seguimiento enviado a servicios@epam.gob.ec: [GLPI #0000026] Incidente resuelto Correo
2016-01-04 16:39:35 [7@ETGTIC08]
Correo de seguimiento enviado a info@epam.gob.ec: [GLPI #0000026] Incidente resuelto Correo
2016-01-04 16:39:37 [7@ETGTIC08]
Correo de seguimiento enviado a sergiointriago@epam.gob.ec: [GLPI #0000026] Incidente resuelto Correo
2016-01-04 16:47:29 [7@ETGTIC08]
An email to servicios@epam.gob.ec was added to queue: [GLPI #0000033] Incidente resuelto problemas de word
2016-01-04 16:47:29 [7@ETGTIC08]
An email to monserratemacias@epam.gob.ec was added to queue: [GLPI #0000033] Incidente resuelto problemas de word
2016-01-04 16:47:29 [7@ETGTIC08]
An email to sergiointriago@epam.gob.ec was added to queue: [GLPI #0000033] Incidente resuelto problemas de word
2016-01-04 16:47:31 [7@ETGTIC08]
Correo de seguimiento enviado a servicios@epam.gob.ec: [GLPI #0000033] Incidente resuelto problemas de word
2016-01-04 16:47:33 [7@ETGTIC08]
Correo de seguimiento enviado a monserratemacias@epam.gob.ec: [GLPI #0000033] Incidente resuelto problemas de word
2016-01-04 16:47:34 [7@ETGTIC08]
Correo de seguimiento enviado a sergiointriago@epam.gob.ec: [GLPI #0000033] Incidente resuelto problemas de word
2016-01-05 14:30:14 [75@ETGTIC08]
An email to servicios@epam.gob.ec was added to queue: [GLPI #0000034] Nuevo incidente impresora
2016-01-05 14:30:14 [75@ETGTIC08]
An email to mariatoala@epam.gob.ec was added to queue: [GLPI #0000034] Nuevo incidente impresora
2016-01-05 14:30:14 [75@ETGTIC08]
An email to sergiointriago@epam.gob.ec was added to queue: [GLPI #0000034] Nuevo incidente impresora
2016-01-05 14:30:16 [75@ETGTIC08]
Correo de seguimiento enviado a servicios@epam.gob.ec: [GLPI #0000034] Nuevo incidente impresora
2016-01-05 14:30:18 [75@ETGTIC08]
Correo de seguimiento enviado a mariatoala@epam.gob.ec: [GLPI #0000034] Nuevo incidente impresora
2016-01-05 14:30:20 [75@ETGTIC08]
Correo de seguimiento enviado a sergiointriago@epam.gob.ec: [GLPI #0000034] Nuevo incidente impresora
2016-01-05 14:31:15 [7@ETGTIC08]
An email to servicios@epam.gob.ec was added to queue: [GLPI #0000034] Incidente resuelto impresora
2016-01-05 14:31:15 [7@ETGTIC08]
An email to mariatoala@epam.gob.ec was added to queue: [GLPI #0000034] Incidente resuelto impresora
2016-01-05 14:31:15 [7@ETGTIC08]
An email to sergiointriago@epam.gob.ec was added to queue: [GLPI #0000034] Incidente resuelto impresora
2016-01-05 14:31:16 [7@ETGTIC08]
Correo de seguimiento enviado a servicios@epam.gob.ec: [GLPI #0000034] Incidente resuelto impresora
2016-01-05 14:31:18 [7@ETGTIC08]
Correo de seguimiento enviado a mariatoala@epam.gob.ec: [GLPI #0000034] Incidente resuelto impresora
2016-01-05 14:31:20 [7@ETGTIC08]
Correo de seguimiento enviado a sergiointriago@epam.gob.ec: [GLPI #0000034] Incidente resuelto impresora
2016-01-05 14:34:46 [10@ETGTIC08]
An email to servicios@epam.gob.ec was added to queue: [GLPI #0000027] Actualización de un incidente Correo2
2016-01-05 14:34:46 [10@ETGTIC08]
An email to info@epam.gob.ec was added to queue: [GLPI #0000027] Actualización de un incidente Correo2
2016-01-05 14:34:46 [10@ETGTIC08]
An email to angelaindarte@epam.gob.ec was added to queue: [GLPI #0000027] Actualización de un incidente Correo2
2016-01-05 14:34:48 [10@ETGTIC08]
Correo de seguimiento enviado a servicios@epam.gob.ec: [GLPI #0000027] Actualización de un incidente Correo2
2016-01-05 14:34:50 [10@ETGTIC08]
Correo de seguimiento enviado a info@epam.gob.ec: [GLPI #0000027] Actualización de un incidente Correo2
2016-01-05 14:34:51 [10@ETGTIC08]
Correo de seguimiento enviado a angelaindarte@epam.gob.ec: [GLPI #0000027] Actualización de un incidente Correo2
2016-01-05 14:35:17 [10@ETGTIC08]
An email to servicios@epam.gob.ec was added to queue: [GLPI #0000025] Incidente resuelto prueba correo
2016-01-05 14:35:17 [10@ETGTIC08]
An email to info@epam.gob.ec was added to queue: [GLPI #0000025] Incidente resuelto prueba correo
2016-01-05 14:35:19 [10@ETGTIC08]
Correo de seguimiento enviado a servicios@epam.gob.ec: [GLPI #0000025] Incidente resuelto prueba correo
2016-01-05 14:35:21 [10@ETGTIC08]
Correo de seguimiento enviado a info@epam.gob.ec: [GLPI #0000025] Incidente resuelto prueba correo
2016-01-05 14:35:41 [10@ETGTIC08]
An email to servicios@epam.gob.ec was added to queue: [GLPI #0000027] Incidente resuelto Correo2
2016-01-05 14:35:41 [10@ETGTIC08]
An email to angelaindarte@epam.gob.ec was added to queue: [GLPI #0000027] Incidente resuelto Correo2
2016-01-05 14:35:42 [10@ETGTIC08]
Correo de seguimiento enviado a servicios@epam.gob.ec: [GLPI #0000027] Incidente resuelto Correo2
2016-01-05 14:35:44 [10@ETGTIC08]
Correo de seguimiento enviado a angelaindarte@epam.gob.ec: [GLPI #0000027] Incidente resuelto Correo2
2016-01-05 14:38:00 [75@ETGTIC08]
An email to servicios@epam.gob.ec was added to queue: [GLPI #0000035] Nuevo incidente impresora
2016-01-05 14:38:00 [75@ETGTIC08]
An email to mariatoala@epam.gob.ec was added to queue: [GLPI #0000035] Nuevo incidente impresora
2016-01-05 14:38:00 [75@ETGTIC08]
An email to sergiointriago@epam.gob.ec was added to queue: [GLPI #0000035] Nuevo incidente impresora
2016-01-05 14:38:01 [75@ETGTIC08]
Correo de seguimiento enviado a servicios@epam.gob.ec: [GLPI #0000035] Nuevo incidente impresora
2016-01-05 14:38:03 [75@ETGTIC08]
Correo de seguimiento enviado a mariatoala@epam.gob.ec: [GLPI #0000035] Nuevo incidente impresora
2016-01-05 14:38:05 [75@ETGTIC08]
Correo de seguimiento enviado a sergiointriago@epam.gob.ec: [GLPI #0000035] Nuevo incidente impresora
2016-01-05 14:38:47 [7@ETGTIC08]
An email to servicios@epam.gob.ec was added to queue: [GLPI #0000035] Incidente resuelto impresora
2016-01-05 14:38:47 [7@ETGTIC08]
An email to mariatoala@epam.gob.ec was added to queue: [GLPI #0000035] Incidente resuelto impresora
2016-01-05 14:38:47 [7@ETGTIC08]
An email to sergiointriago@epam.gob.ec was added to queue: [GLPI #0000035] Incidente resuelto impresora
2016-01-05 14:38:49 [7@ETGTIC08]
Correo de seguimiento enviado a servicios@epam.gob.ec: [GLPI #0000035] Incidente resuelto impresora
2016-01-05 14:38:50 [7@ETGTIC08]
Correo de seguimiento enviado a mariatoala@epam.gob.ec: [GLPI #0000035] Incidente resuelto impresora
2016-01-05 14:38:52 [7@ETGTIC08]
Correo de seguimiento enviado a sergiointriago@epam.gob.ec: [GLPI #0000035] Incidente resuelto impresora
2016-01-05 14:41:13 [46@ETGTIC08]
An email to servicios@epam.gob.ec was added to queue: [GLPI #0000036] Nuevo incidente impresora
2016-01-05 14:41:13 [46@ETGTIC08]
An email to josecedeno@epam.gob.ec was added to queue: [GLPI #0000036] Nuevo incidente impresora
2016-01-05 14:41:13 [46@ETGTIC08]
An email to sergiointriago@epam.gob.ec was added to queue: [GLPI #0000036] Nuevo incidente impresora
2016-01-05 14:41:15 [46@ETGTIC08]
Correo de seguimiento enviado a servicios@epam.gob.ec: [GLPI #0000036] Nuevo incidente impresora
2016-01-05 14:41:16 [46@ETGTIC08]
Correo de seguimiento enviado a josecedeno@epam.gob.ec: [GLPI #0000036] Nuevo incidente impresora
2016-01-05 14:41:18 [46@ETGTIC08]
Correo de seguimiento enviado a sergiointriago@epam.gob.ec: [GLPI #0000036] Nuevo incidente impresora
2016-01-05 14:46:15 [57@ETGTIC08]
An email to servicios@epam.gob.ec was added to queue: [GLPI #0000037] Nuevo incidente daño de impresora
2016-01-05 14:46:15 [57@ETGTIC08]
An email to bjaramillo@epam.gob.ec was added to queue: [GLPI #0000037] Nuevo incidente daño de impresora
2016-01-05 14:46:15 [57@ETGTIC08]
An email to sergiointriago@epam.gob.ec was added to queue: [GLPI #0000037] Nuevo incidente daño de impresora
2016-01-05 14:46:17 [57@ETGTIC08]
Correo de seguimiento enviado a servicios@epam.gob.ec: [GLPI #0000037] Nuevo incidente daño de impresora
2016-01-05 14:46:22 [57@ETGTIC08]
Correo de seguimiento enviado a bjaramillo@epam.gob.ec: [GLPI #0000037] Nuevo incidente daño de impresora
2016-01-05 14:46:23 [57@ETGTIC08]
Correo de seguimiento enviado a sergiointriago@epam.gob.ec: [GLPI #0000037] Nuevo incidente daño de impresora
2016-01-05 14:51:18 [59@ETGTIC08]
An email to servicios@epam.gob.ec was added to queue: [GLPI #0000038] Nuevo incidente teclado
2016-01-05 14:51:18 [59@ETGTIC08]
An email to lindaloor@epam.gob.ec was added to queue: [GLPI #0000038] Nuevo incidente teclado
2016-01-05 14:51:18 [59@ETGTIC08]
An email to sergiointriago@epam.gob.ec was added to queue: [GLPI #0000038] Nuevo incidente teclado
2016-01-05 14:51:20 [59@ETGTIC08]
Correo de seguimiento enviado a servicios@epam.gob.ec: [GLPI #0000038] Nuevo incidente teclado
2016-01-05 14:51:21 [59@ETGTIC08]
Correo de seguimiento enviado a lindaloor@epam.gob.ec: [GLPI #0000038] Nuevo incidente teclado
2016-01-05 14:51:23 [59@ETGTIC08]
Correo de seguimiento enviado a sergiointriago@epam.gob.ec: [GLPI #0000038] Nuevo incidente teclado
2016-01-05 14:55:03 [72@ETGTIC08]
An email to servicios@epam.gob.ec was added to queue: [GLPI #0000039] Nuevo incidente pagina no funciona
2016-01-05 14:55:03 [72@ETGTIC08]
An email to juanreyes@epam.gob.ec was added to queue: [GLPI #0000039] Nuevo incidente pagina no funciona
2016-01-05 14:55:03 [72@ETGTIC08]
An email to sergiointriago@epam.gob.ec was added to queue: [GLPI #0000039] Nuevo incidente pagina no funciona
2016-01-05 14:55:05 [72@ETGTIC08]
Correo de seguimiento enviado a servicios@epam.gob.ec: [GLPI #0000039] Nuevo incidente pagina no funciona
2016-01-05 14:55:07 [72@ETGTIC08]
Correo de seguimiento enviado a juanreyes@epam.gob.ec: [GLPI #0000039] Nuevo incidente pagina no funciona
2016-01-05 14:55:08 [72@ETGTIC08]
Correo de seguimiento enviado a sergiointriago@epam.gob.ec: [GLPI #0000039] Nuevo incidente pagina no funciona
2016-01-05 15:00:11 [75@ETGTIC08]
An email to soporte@epam.gob.ec was added to queue: [GLPI #0000040] Nuevo incidente daño de mouse
2016-01-05 15:00:11 [75@ETGTIC08]
An email to mariatoala@epam.gob.ec was added to queue: [GLPI #0000040] Nuevo incidente daño de mouse
2016-01-05 15:00:11 [75@ETGTIC08]
An email to sergiointriago@epam.gob.ec was added to queue: [GLPI #0000040] Nuevo incidente daño de mouse
2016-01-05 15:00:13 [75@ETGTIC08]
Correo de seguimiento enviado a soporte@epam.gob.ec: [GLPI #0000040] Nuevo incidente daño de mouse
2016-01-05 15:00:14 [75@ETGTIC08]
Correo de seguimiento enviado a mariatoala@epam.gob.ec: [GLPI #0000040] Nuevo incidente daño de mouse
2016-01-05 15:00:16 [75@ETGTIC08]
Correo de seguimiento enviado a sergiointriago@epam.gob.ec: [GLPI #0000040] Nuevo incidente daño de mouse
2016-01-05 15:32:14 [70@ETGTIC08]
An email to soporte@epam.gob.ec was added to queue: [GLPI #0000041] Nuevo incidente prueba antivirus
2016-01-05 15:32:14 [70@ETGTIC08]
An email to marjorieponce@epam.gob.ec was added to queue: [GLPI #0000041] Nuevo incidente prueba antivirus
2016-01-05 15:32:14 [70@ETGTIC08]
An email to sergiointriago@epam.gob.ec was added to queue: [GLPI #0000041] Nuevo incidente prueba antivirus
2016-01-05 15:32:16 [70@ETGTIC08]
Correo de seguimiento enviado a soporte@epam.gob.ec: [GLPI #0000041] Nuevo incidente prueba antivirus
2016-01-05 15:32:18 [70@ETGTIC08]
Correo de seguimiento enviado a marjorieponce@epam.gob.ec: [GLPI #0000041] Nuevo incidente prueba antivirus
2016-01-05 15:32:20 [70@ETGTIC08]
Correo de seguimiento enviado a sergiointriago@epam.gob.ec: [GLPI #0000041] Nuevo incidente prueba antivirus
2016-01-05 15:36:42 [64@ETGTIC08]
An email to soporte@epam.gob.ec was added to queue: [GLPI #0000042] Nuevo incidente no me carga pagina
2016-01-05 15:36:42 [64@ETGTIC08]
An email to jorgeluismera@epam.gob.ec was added to queue: [GLPI #0000042] Nuevo incidente no me carga pagina
2016-01-05 15:36:42 [64@ETGTIC08]
An email to sergiointriago@epam.gob.ec was added to queue: [GLPI #0000042] Nuevo incidente no me carga pagina
2016-01-05 15:36:44 [64@ETGTIC08]
Correo de seguimiento enviado a soporte@epam.gob.ec: [GLPI #0000042] Nuevo incidente no me carga pagina
2016-01-05 15:36:46 [64@ETGTIC08]
Correo de seguimiento enviado a jorgeluismera@epam.gob.ec: [GLPI #0000042] Nuevo incidente no me carga pagina
2016-01-05 15:36:47 [64@ETGTIC08]
Correo de seguimiento enviado a sergiointriago@epam.gob.ec: [GLPI #0000042] Nuevo incidente no me carga pagina
2016-01-05 15:37:44 [70@ETGTIC08]
An email to soporte@epam.gob.ec was added to queue: [GLPI #0000043] Nuevo incidente solicitar clave para entrar al programa aqua
2016-01-05 15:37:44 [70@ETGTIC08]
An email to marjorieponce@epam.gob.ec was added to queue: [GLPI #0000043] Nuevo incidente solicitar clave para entrar al programa aqua
2016-01-05 15:37:44 [70@ETGTIC08]
An email to sergiointriago@epam.gob.ec was added to queue: [GLPI #0000043] Nuevo incidente solicitar clave para entrar al programa aqua
2016-01-05 15:37:46 [70@ETGTIC08]
Correo de seguimiento enviado a soporte@epam.gob.ec: [GLPI #0000043] Nuevo incidente solicitar clave para entrar al programa aqua
2016-01-05 15:37:48 [70@ETGTIC08]
Correo de seguimiento enviado a marjorieponce@epam.gob.ec: [GLPI #0000043] Nuevo incidente solicitar clave para entrar al programa aqua
2016-01-05 15:37:49 [70@ETGTIC08]
Correo de seguimiento enviado a sergiointriago@epam.gob.ec: [GLPI #0000043] Nuevo incidente solicitar clave para entrar al programa aqua
2016-01-05 15:38:08 [7@ETGTIC08]
An email to soporte@epam.gob.ec was added to queue: [GLPI #0000038] Incidente resuelto teclado
2016-01-05 15:38:08 [7@ETGTIC08]
An email to lindaloor@epam.gob.ec was added to queue: [GLPI #0000038] Incidente resuelto teclado
2016-01-05 15:38:08 [7@ETGTIC08]
An email to sergiointriago@epam.gob.ec was added to queue: [GLPI #0000038] Incidente resuelto teclado
2016-01-05 15:38:10 [7@ETGTIC08]
Correo de seguimiento enviado a soporte@epam.gob.ec: [GLPI #0000038] Incidente resuelto teclado
2016-01-05 15:38:11 [7@ETGTIC08]
Correo de seguimiento enviado a lindaloor@epam.gob.ec: [GLPI #0000038] Incidente resuelto teclado
2016-01-05 15:38:13 [7@ETGTIC08]
Correo de seguimiento enviado a sergiointriago@epam.gob.ec: [GLPI #0000038] Incidente resuelto teclado
2016-01-05 15:50:47 [66@ETGTIC08]
An email to soporte@epam.gob.ec was added to queue: [GLPI #0000044] Nuevo incidente no me carga akua
2016-01-05 15:50:47 [66@ETGTIC08]
An email to valeriamunoz@epam.gob.ec was added to queue: [GLPI #0000044] Nuevo incidente no me carga akua
2016-01-05 15:50:47 [66@ETGTIC08]
An email to sergiointriago@epam.gob.ec was added to queue: [GLPI #0000044] Nuevo incidente no me carga akua
2016-01-05 15:50:49 [66@ETGTIC08]
Correo de seguimiento enviado a soporte@epam.gob.ec: [GLPI #0000044] Nuevo incidente no me carga akua
2016-01-05 15:50:51 [66@ETGTIC08]
Correo de seguimiento enviado a valeriamunoz@epam.gob.ec: [GLPI #0000044] Nuevo incidente no me carga akua
2016-01-05 15:50:52 [66@ETGTIC08]
Correo de seguimiento enviado a sergiointriago@epam.gob.ec: [GLPI #0000044] Nuevo incidente no me carga akua
2016-01-05 15:59:05 [68@ETGTIC08]
An email to soporte@epam.gob.ec was added to queue: [GLPI #0000045] Nuevo incidente ANTIVIRUS
2016-01-05 15:59:05 [68@ETGTIC08]
An email to estelaortiz@epam.gob.ec was added to queue: [GLPI #0000045] Nuevo incidente ANTIVIRUS
2016-01-05 15:59:05 [68@ETGTIC08]
An email to sergiointriago@epam.gob.ec was added to queue: [GLPI #0000045] Nuevo incidente ANTIVIRUS
2016-01-05 15:59:06 [68@ETGTIC08]
Correo de seguimiento enviado a soporte@epam.gob.ec: [GLPI #0000045] Nuevo incidente ANTIVIRUS
2016-01-05 15:59:08 [68@ETGTIC08]
Correo de seguimiento enviado a estelaortiz@epam.gob.ec: [GLPI #0000045] Nuevo incidente ANTIVIRUS
2016-01-05 15:59:10 [68@ETGTIC08]
Correo de seguimiento enviado a sergiointriago@epam.gob.ec: [GLPI #0000045] Nuevo incidente ANTIVIRUS
2016-01-05 15:59:36 [73@ETGTIC08]
An email to soporte@epam.gob.ec was added to queue: [GLPI #0000046] Nuevo incidente teclado
2016-01-05 15:59:36 [73@ETGTIC08]
An email to martharuiz@epam.gob.ec was added to queue: [GLPI #0000046] Nuevo incidente teclado
2016-01-05 15:59:36 [73@ETGTIC08]
An email to sergiointriago@epam.gob.ec was added to queue: [GLPI #0000046] Nuevo incidente teclado
2016-01-05 15:59:38 [73@ETGTIC08]
Correo de seguimiento enviado a soporte@epam.gob.ec: [GLPI #0000046] Nuevo incidente teclado
2016-01-05 15:59:39 [73@ETGTIC08]
Correo de seguimiento enviado a martharuiz@epam.gob.ec: [GLPI #0000046] Nuevo incidente teclado
2016-01-05 15:59:41 [73@ETGTIC08]
Correo de seguimiento enviado a sergiointriago@epam.gob.ec: [GLPI #0000046] Nuevo incidente teclado
2016-01-05 16:07:20 [3@ETGTIC08]
An email to soporte@epam.gob.ec was added to queue: [GLPI #0000047] Nuevo incidente teclado
2016-01-05 16:07:20 [3@ETGTIC08]
An email to sergiointriago@epam.gob.ec was added to queue: [GLPI #0000047] Nuevo incidente teclado
2016-01-05 16:07:22 [3@ETGTIC08]
Correo de seguimiento enviado a soporte@epam.gob.ec: [GLPI #0000047] Nuevo incidente teclado
2016-01-05 16:07:24 [3@ETGTIC08]
Correo de seguimiento enviado a sergiointriago@epam.gob.ec: [GLPI #0000047] Nuevo incidente teclado
2016-01-05 16:17:12 [52@ETGTIC08]
An email to soporte@epam.gob.ec was added to queue: [GLPI #0000048] Nuevo incidente monitor
2016-01-05 16:17:12 [52@ETGTIC08]
An email to angelaecheverria@epam.gob.ec was added to queue: [GLPI #0000048] Nuevo incidente monitor
2016-01-05 16:17:12 [52@ETGTIC08]
An email to sergiointriago@epam.gob.ec was added to queue: [GLPI #0000048] Nuevo incidente monitor
2016-01-05 16:17:14 [52@ETGTIC08]
Correo de seguimiento enviado a soporte@epam.gob.ec: [GLPI #0000048] Nuevo incidente monitor
2016-01-05 16:17:16 [52@ETGTIC08]
Correo de seguimiento enviado a angelaecheverria@epam.gob.ec: [GLPI #0000048] Nuevo incidente monitor
2016-01-05 16:17:17 [52@ETGTIC08]
Correo de seguimiento enviado a sergiointriago@epam.gob.ec: [GLPI #0000048] Nuevo incidente monitor
2016-01-05 16:50:19 [55@ETGTIC08]
An email to soporte@epam.gob.ec was added to queue: [GLPI #0000049] Nuevo incidente daño del mousse
2016-01-05 16:50:19 [55@ETGTIC08]
An email to nilagomez@epam.gob.ec was added to queue: [GLPI #0000049] Nuevo incidente daño del mousse
2016-01-05 16:50:19 [55@ETGTIC08]
An email to sergiointriago@epam.gob.ec was added to queue: [GLPI #0000049] Nuevo incidente daño del mousse
2016-01-05 16:50:22 [55@ETGTIC08]
Correo de seguimiento enviado a soporte@epam.gob.ec: [GLPI #0000049] Nuevo incidente daño del mousse
2016-01-05 16:50:23 [55@ETGTIC08]
Correo de seguimiento enviado a nilagomez@epam.gob.ec: [GLPI #0000049] Nuevo incidente daño del mousse
2016-01-05 16:50:25 [55@ETGTIC08]
Correo de seguimiento enviado a sergiointriago@epam.gob.ec: [GLPI #0000049] Nuevo incidente daño del mousse
2016-01-05 16:59:51 [74@ETGTIC08]
An email to soporte@epam.gob.ec was added to queue: [GLPI #0000050] Nuevo incidente impresora
2016-01-05 16:59:51 [74@ETGTIC08]
An email to cristinasolorzano@epam.gob.ec was added to queue: [GLPI #0000050] Nuevo incidente impresora
2016-01-05 16:59:51 [74@ETGTIC08]
An email to sergiointriago@epam.gob.ec was added to queue: [GLPI #0000050] Nuevo incidente impresora
2016-01-05 16:59:52 [74@ETGTIC08]
Correo de seguimiento enviado a soporte@epam.gob.ec: [GLPI #0000050] Nuevo incidente impresora
2016-01-05 16:59:54 [74@ETGTIC08]
Correo de seguimiento enviado a cristinasolorzano@epam.gob.ec: [GLPI #0000050] Nuevo incidente impresora
2016-01-05 16:59:56 [74@ETGTIC08]
Correo de seguimiento enviado a sergiointriago@epam.gob.ec: [GLPI #0000050] Nuevo incidente impresora
2016-01-05 17:06:28 [74@ETGTIC08]
An email to soporte@epam.gob.ec was added to queue: [GLPI #0000051] Nuevo incidente sin internet
2016-01-05 17:06:28 [74@ETGTIC08]
An email to cristinasolorzano@epam.gob.ec was added to queue: [GLPI #0000051] Nuevo incidente sin internet
2016-01-05 17:06:28 [74@ETGTIC08]
An email to sergiointriago@epam.gob.ec was added to queue: [GLPI #0000051] Nuevo incidente sin internet
2016-01-05 17:06:30 [74@ETGTIC08]
Correo de seguimiento enviado a soporte@epam.gob.ec: [GLPI #0000051] Nuevo incidente sin internet
2016-01-05 17:06:32 [74@ETGTIC08]
Correo de seguimiento enviado a cristinasolorzano@epam.gob.ec: [GLPI #0000051] Nuevo incidente sin internet
2016-01-05 17:06:34 [74@ETGTIC08]
Correo de seguimiento enviado a sergiointriago@epam.gob.ec: [GLPI #0000051] Nuevo incidente sin internet
2016-01-06 08:46:04 [52@ETGTIC08]
An email to soporte@epam.gob.ec was added to queue: [GLPI #0000052] Nuevo incidente impresion de kardex
2016-01-06 08:46:04 [52@ETGTIC08]
An email to angelaecheverria@epam.gob.ec was added to queue: [GLPI #0000052] Nuevo incidente impresion de kardex
2016-01-06 08:46:04 [52@ETGTIC08]
An email to sergiointriago@epam.gob.ec was added to queue: [GLPI #0000052] Nuevo incidente impresion de kardex
2016-01-06 08:46:06 [52@ETGTIC08]
Correo de seguimiento enviado a soporte@epam.gob.ec: [GLPI #0000052] Nuevo incidente impresion de kardex
2016-01-06 08:46:08 [52@ETGTIC08]
Correo de seguimiento enviado a angelaecheverria@epam.gob.ec: [GLPI #0000052] Nuevo incidente impresion de kardex
2016-01-06 08:46:10 [52@ETGTIC08]
Correo de seguimiento enviado a sergiointriago@epam.gob.ec: [GLPI #0000052] Nuevo incidente impresion de kardex
2016-01-06 10:34:57 [74@ETGTIC08]
An email to soporte@epam.gob.ec was added to queue: [GLPI #0000053] Nuevo incidente maquina bloqueada
2016-01-06 10:34:57 [74@ETGTIC08]
An email to cristinasolorzano@epam.gob.ec was added to queue: [GLPI #0000053] Nuevo incidente maquina bloqueada
2016-01-06 10:34:59 [74@ETGTIC08]
Correo de seguimiento enviado a soporte@epam.gob.ec: [GLPI #0000053] Nuevo incidente maquina bloqueada
2016-01-06 10:35:01 [74@ETGTIC08]
Correo de seguimiento enviado a cristinasolorzano@epam.gob.ec: [GLPI #0000053] Nuevo incidente maquina bloqueada
